DEBUG http-nio-8084-exec-6 druid.sql.Statement - {conn-10001, pstmt-20002} Parameters : []
DEBUG http-nio-8084-exec-6 druid.sql.Statement - {conn-10001, pstmt-20002} Types : []
DEBUG http-nio-8084-exec-6 druid.sql.Statement - {conn-10001, pstmt-20002} executed. 1.432555 millis. SELECT * FROM orders_detail
DEBUG http-nio-8084-exec-6 druid.sql.ResultSet - {conn-10001, pstmt-20002, rs-50066} open
DEBUG http-nio-8084-exec-6 druid.sql.ResultSet - {conn-10001, pstmt-20002, rs-50066} Header: [id, orders_id, commodity_id, commodity_name, price, quantity, amount, create_date, create_user, update_date, update_user]
DEBUG http-nio-8084-exec-6 druid.sql.ResultSet - {conn-10001, pstmt-20002, rs-50066} Result: [17b1769e16ad5bbef9d5f03b355d551e, 00ffba5e7a44d7a71e6f00bee090c2fa, 62154adeb56988df1b1243487f4c8179, 笔记本, 6000.0, 1, 6000.0, 2019-10-17 17:29:56.0, wangjian, 2019-10-17 17:29:56.0, wangjian]
DEBUG http-nio-8084-exec-6 druid.sql.ResultSet - {conn-10001, pstmt-20002, rs-50066} closed
DEBUG http-nio-8084-exec-6 druid.sql.Statement - {conn-10001, pstmt-20002} clearParameters. 
DEBUG http-nio-8084-exec-6 druid.sql.ResultSet - {conn-10001, pstmt-20001, rs-50065} closed
DEBUG http-nio-8084-exec-6 druid.sql.Statement - {conn-10001, pstmt-20001} clearParameters. 
DEBUG http-nio-8084-exec-6 druid.sql.Connection - {conn-10001} pool-recycle
DEBUG http-nio-8084-exec-7 druid.sql.Connection - {conn-10001} pool-connect
DEBUG http-nio-8084-exec-7 druid.sql.Statement - {conn-10001, pstmt-20001} Parameters : [wangjian]
DEBUG http-nio-8084-exec-7 druid.sql.Statement - {conn-10001, pstmt-20001} Types : [VARCHAR]
DEBUG http-nio-8084-exec-7 druid.sql.Statement - {conn-10001, pstmt-20001} executed. 1.164021 millis. SELECT  *  FROM orders_database.orders 
 
 WHERE (create_user = ?)
DEBUG http-nio-8084-exec-7 druid.sql.ResultSet - {conn-10001, pstmt-20001, rs-50067} open
DEBUG http-nio-8084-exec-7 druid.sql.ResultSet - {conn-10001, pstmt-20001, rs-50067} Header: [id, order_no, order_status, finish_date, delete_date, create_date, create_user, update_date, update_user, amount]
DEBUG http-nio-8084-exec-7 druid.sql.ResultSet - {conn-10001, pstmt-20001, rs-50067} Result: [00ffba5e7a44d7a71e6f00bee090c2fa, 1571305399313, 0, null, null, 2019-10-17 17:43:19.0, wangjian, 2019-10-17 17:43:19.0, wangjian, 6000.0]
DEBUG http-nio-8084-exec-7 druid.sql.Statement - {conn-10001, pstmt-20002} Parameters : []
DEBUG http-nio-8084-exec-7 druid.sql.Statement - {conn-10001, pstmt-20002} Types : []
DEBUG http-nio-8084-exec-7 druid.sql.Statement - {conn-10001, pstmt-20002} executed. 0.615994 millis. SELECT * FROM orders_detail
DEBUG http-nio-8084-exec-7 druid.sql.ResultSet - {conn-10001, pstmt-20002, rs-50068} open
DEBUG http-nio-8084-exec-7 druid.sql.ResultSet - {conn-10001, pstmt-20002, rs-50068} Header: [id, orders_id, commodity_id, commodity_name, price, quantity, amount, create_date, create_user, update_date, update_user]
DEBUG http-nio-8084-exec-7 druid.sql.ResultSet - {conn-10001, pstmt-20002, rs-50068} Result: [17b1769e16ad5bbef9d5f03b355d551e, 00ffba5e7a44d7a71e6f00bee090c2fa, 62154adeb56988df1b1243487f4c8179, 笔记本, 6000.0, 1, 6000.0, 2019-10-17 17:29:56.0, wangjian, 2019-10-17 17:29:56.0, wangjian]
DEBUG http-nio-8084-exec-7 druid.sql.ResultSet - {conn-10001, pstmt-20002, rs-50068} closed
DEBUG http-nio-8084-exec-7 druid.sql.Statement - {conn-10001, pstmt-20002} clearParameters. 
DEBUG http-nio-8084-exec-7 druid.sql.ResultSet - {conn-10001, pstmt-20001, rs-50067} closed
DEBUG http-nio-8084-exec-7 druid.sql.Statement - {conn-10001, pstmt-20001} clearParameters. 
DEBUG http-nio-8084-exec-7 druid.sql.Connection - {conn-10001} pool-recycle
DEBUG http-nio-8084-exec-8 druid.sql.Connection - {conn-10001} pool-connect
DEBUG http-nio-8084-exec-8 druid.sql.Statement - {conn-10001, pstmt-20001} Parameters : [wangjian]
DEBUG http-nio-8084-exec-8 druid.sql.Statement - {conn-10001, pstmt-20001} Types : [VARCHAR]
DEBUG http-nio-8084-exec-8 druid.sql.Statement - {conn-10001, pstmt-20001} executed. 0.94136 millis. SELECT  *  FROM orders_database.orders 
 
 WHERE (create_user = ?)
DEBUG http-nio-8084-exec-8 druid.sql.ResultSet - {conn-10001, pstmt-20001, rs-50069} open
DEBUG http-nio-8084-exec-8 druid.sql.ResultSet - {conn-10001, pstmt-20001, rs-50069} Header: [id, order_no, order_status, finish_date, delete_date, create_date, create_user, update_date, update_user, amount]
DEBUG http-nio-8084-exec-8 druid.sql.ResultSet - {conn-10001, pstmt-20001, rs-50069} Result: [00ffba5e7a44d7a71e6f00bee090c2fa, 1571305399313, 0, null, null, 2019-10-17 17:43:19.0, wangjian, 2019-10-17 17:43:19.0, wangjian, 6000.0]
DEBUG http-nio-8084-exec-8 druid.sql.Statement - {conn-10001, pstmt-20002} Parameters : []
DEBUG http-nio-8084-exec-8 druid.sql.Statement - {conn-10001, pstmt-20002} Types : []
DEBUG http-nio-8084-exec-8 druid.sql.Statement - {conn-10001, pstmt-20002} executed. 0.65297 millis. SELECT * FROM orders_detail
DEBUG http-nio-8084-exec-8 druid.sql.ResultSet - {conn-10001, pstmt-20002, rs-50070} open
DEBUG http-nio-8084-exec-8 druid.sql.ResultSet - {conn-10001, pstmt-20002, rs-50070} Header: [id, orders_id, commodity_id, commodity_name, price, quantity, amount, create_date, create_user, update_date, update_user]
DEBUG http-nio-8084-exec-8 druid.sql.ResultSet - {conn-10001, pstmt-20002, rs-50070} Result: [17b1769e16ad5bbef9d5f03b355d551e, 00ffba5e7a44d7a71e6f00bee090c2fa, 62154adeb56988df1b1243487f4c8179, 笔记本, 6000.0, 1, 6000.0, 2019-10-17 17:29:56.0, wangjian, 2019-10-17 17:29:56.0, wangjian]
DEBUG http-nio-8084-exec-8 druid.sql.ResultSet - {conn-10001, pstmt-20002, rs-50070} closed
DEBUG http-nio-8084-exec-8 druid.sql.Statement - {conn-10001, pstmt-20002} clearParameters. 
DEBUG http-nio-8084-exec-8 druid.sql.ResultSet - {conn-10001, pstmt-20001, rs-50069} closed
DEBUG http-nio-8084-exec-8 druid.sql.Statement - {conn-10001, pstmt-20001} clearParameters. 
DEBUG http-nio-8084-exec-8 druid.sql.Connection - {conn-10001} pool-recycle
DEBUG http-nio-8084-exec-9 druid.sql.Connection - {conn-10001} pool-connect
DEBUG http-nio-8084-exec-9 druid.sql.Statement - {conn-10001, pstmt-20001} Parameters : [wangjian]
DEBUG http-nio-8084-exec-9 druid.sql.Statement - {conn-10001, pstmt-20001} Types : [VARCHAR]
DEBUG http-nio-8084-exec-9 druid.sql.Statement - {conn-10001, pstmt-20001} executed. 0.884462 millis. SELECT  *  FROM orders_database.orders 
 
 WHERE (create_user = ?)
DEBUG http-nio-8084-exec-9 druid.sql.ResultSet - {conn-10001, pstmt-20001, rs-50071} open
DEBUG http-nio-8084-exec-9 druid.sql.ResultSet - {conn-10001, pstmt-20001, rs-50071} Header: [id, order_no, order_status, finish_date, delete_date, create_date, create_user, update_date, update_user, amount]
DEBUG http-nio-8084-exec-9 druid.sql.ResultSet - {conn-10001, pstmt-20001, rs-50071} Result: [00ffba5e7a44d7a71e6f00bee090c2fa, 1571305399313, 0, null, null, 2019-10-17 17:43:19.0, wangjian, 2019-10-17 17:43:19.0, wangjian, 6000.0]
DEBUG http-nio-8084-exec-9 druid.sql.Statement - {conn-10001, pstmt-20002} Parameters : []
DEBUG http-nio-8084-exec-9 druid.sql.Statement - {conn-10001, pstmt-20002} Types : []
DEBUG http-nio-8084-exec-9 druid.sql.Statement - {conn-10001, pstmt-20002} executed. 0.700292 millis. SELECT * FROM orders_detail
DEBUG http-nio-8084-exec-9 druid.sql.ResultSet - {conn-10001, pstmt-20002, rs-50072} open
DEBUG http-nio-8084-exec-9 druid.sql.ResultSet - {conn-10001, pstmt-20002, rs-50072} Header: [id, orders_id, commodity_id, commodity_name, price, quantity, amount, create_date, create_user, update_date, update_user]
DEBUG http-nio-8084-exec-9 druid.sql.ResultSet - {conn-10001, pstmt-20002, rs-50072} Result: [17b1769e16ad5bbef9d5f03b355d551e, 00ffba5e7a44d7a71e6f00bee090c2fa, 62154adeb56988df1b1243487f4c8179, 笔记本, 6000.0, 1, 6000.0, 2019-10-17 17:29:56.0, wangjian, 2019-10-17 17:29:56.0, wangjian]
DEBUG http-nio-8084-exec-9 druid.sql.ResultSet - {conn-10001, pstmt-20002, rs-50072} closed
DEBUG http-nio-8084-exec-9 druid.sql.Statement - {conn-10001, pstmt-20002} clearParameters. 
DEBUG http-nio-8084-exec-9 druid.sql.ResultSet - {conn-10001, pstmt-20001, rs-50071} closed
DEBUG http-nio-8084-exec-9 druid.sql.Statement - {conn-10001, pstmt-20001} clearParameters. 
DEBUG http-nio-8084-exec-9 druid.sql.Connection - {conn-10001} pool-recycle
DEBUG http-nio-8084-exec-10 druid.sql.Connection - {conn-10001} pool-connect
DEBUG http-nio-8084-exec-10 druid.sql.Statement - {conn-10001, pstmt-20001} Parameters : [wangjian]
DEBUG http-nio-8084-exec-10 druid.sql.Statement - {conn-10001, pstmt-20001} Types : [VARCHAR]
DEBUG http-nio-8084-exec-10 druid.sql.Statement - {conn-10001, pstmt-20001} executed. 0.913927 millis. SELECT  *  FROM orders_database.orders 
 
 WHERE (create_user = ?)
DEBUG http-nio-8084-exec-10 druid.sql.ResultSet - {conn-10001, pstmt-20001, rs-50073} open
DEBUG http-nio-8084-exec-10 druid.sql.ResultSet - {conn-10001, pstmt-20001, rs-50073} Header: [id, order_no, order_status, finish_date, delete_date, create_date, create_user, update_date, update_user, amount]
DEBUG http-nio-8084-exec-10 druid.sql.ResultSet - {conn-10001, pstmt-20001, rs-50073} Result: [00ffba5e7a44d7a71e6f00bee090c2fa, 1571305399313, 0, null, null, 2019-10-17 17:43:19.0, wangjian, 2019-10-17 17:43:19.0, wangjian, 6000.0]
DEBUG http-nio-8084-exec-10 druid.sql.Statement - {conn-10001, pstmt-20002} Parameters : []
DEBUG http-nio-8084-exec-10 druid.sql.Statement - {conn-10001, pstmt-20002} Types : []
DEBUG http-nio-8084-exec-10 druid.sql.Statement - {conn-10001, pstmt-20002} executed. 0.996444 millis. SELECT * FROM orders_detail
DEBUG http-nio-8084-exec-10 druid.sql.ResultSet - {conn-10001, pstmt-20002, rs-50074} open
DEBUG http-nio-8084-exec-10 druid.sql.ResultSet - {conn-10001, pstmt-20002, rs-50074} Header: [id, orders_id, commodity_id, commodity_name, price, quantity, amount, create_date, create_user, update_date, update_user]
DEBUG http-nio-8084-exec-10 druid.sql.ResultSet - {conn-10001, pstmt-20002, rs-50074} Result: [17b1769e16ad5bbef9d5f03b355d551e, 00ffba5e7a44d7a71e6f00bee090c2fa, 62154adeb56988df1b1243487f4c8179, 笔记本, 6000.0, 1, 6000.0, 2019-10-17 17:29:56.0, wangjian, 2019-10-17 17:29:56.0, wangjian]
DEBUG http-nio-8084-exec-10 druid.sql.ResultSet - {conn-10001, pstmt-20002, rs-50074} closed
DEBUG http-nio-8084-exec-10 druid.sql.Statement - {conn-10001, pstmt-20002} clearParameters. 
DEBUG http-nio-8084-exec-10 druid.sql.ResultSet - {conn-10001, pstmt-20001, rs-50073} closed
DEBUG http-nio-8084-exec-10 druid.sql.Statement - {conn-10001, pstmt-20001} clearParameters. 
DEBUG http-nio-8084-exec-10 druid.sql.Connection - {conn-10001} pool-recycle
DEBUG http-nio-8084-exec-1 druid.sql.Connection - {conn-10001} pool-connect
DEBUG http-nio-8084-exec-1 druid.sql.Statement - {conn-10001, pstmt-20001} Parameters : [wangjian]
DEBUG http-nio-8084-exec-1 druid.sql.Statement - {conn-10001, pstmt-20001} Types : [VARCHAR]
DEBUG http-nio-8084-exec-1 druid.sql.Statement - {conn-10001, pstmt-20001} executed. 0.986652 millis. SELECT  *  FROM orders_database.orders 
 
 WHERE (create_user = ?)
DEBUG http-nio-8084-exec-1 druid.sql.ResultSet - {conn-10001, pstmt-20001, rs-50075} open
DEBUG http-nio-8084-exec-1 druid.sql.ResultSet - {conn-10001, pstmt-20001, rs-50075} Header: [id, order_no, order_status, finish_date, delete_date, create_date, create_user, update_date, update_user, amount]
DEBUG http-nio-8084-exec-1 druid.sql.ResultSet - {conn-10001, pstmt-20001, rs-50075} Result: [00ffba5e7a44d7a71e6f00bee090c2fa, 1571305399313, 0, null, null, 2019-10-17 17:43:19.0, wangjian, 2019-10-17 17:43:19.0, wangjian, 6000.0]
DEBUG http-nio-8084-exec-1 druid.sql.Statement - {conn-10001, pstmt-20002} Parameters : []
DEBUG http-nio-8084-exec-1 druid.sql.Statement - {conn-10001, pstmt-20002} Types : []
DEBUG http-nio-8084-exec-1 druid.sql.Statement - {conn-10001, pstmt-20002} executed. 0.691924 millis. SELECT * FROM orders_detail
DEBUG http-nio-8084-exec-1 druid.sql.ResultSet - {conn-10001, pstmt-20002, rs-50076} open
DEBUG http-nio-8084-exec-1 druid.sql.ResultSet - {conn-10001, pstmt-20002, rs-50076} Header: [id, orders_id, commodity_id, commodity_name, price, quantity, amount, create_date, create_user, update_date, update_user]
DEBUG http-nio-8084-exec-1 druid.sql.ResultSet - {conn-10001, pstmt-20002, rs-50076} Result: [17b1769e16ad5bbef9d5f03b355d551e, 00ffba5e7a44d7a71e6f00bee090c2fa, 62154adeb56988df1b1243487f4c8179, 笔记本, 6000.0, 1, 6000.0, 2019-10-17 17:29:56.0, wangjian, 2019-10-17 17:29:56.0, wangjian]
DEBUG http-nio-8084-exec-1 druid.sql.ResultSet - {conn-10001, pstmt-20002, rs-50076} closed
DEBUG http-nio-8084-exec-1 druid.sql.Statement - {conn-10001, pstmt-20002} clearParameters. 
DEBUG http-nio-8084-exec-1 druid.sql.ResultSet - {conn-10001, pstmt-20001, rs-50075} closed
DEBUG http-nio-8084-exec-1 druid.sql.Statement - {conn-10001, pstmt-20001} clearParameters. 
DEBUG http-nio-8084-exec-1 druid.sql.Connection - {conn-10001} pool-recycle
DEBUG http-nio-8084-exec-2 druid.sql.Connection - {conn-10001} pool-connect
DEBUG http-nio-8084-exec-2 druid.sql.Statement - {conn-10001, pstmt-20001} Parameters : [wangjian]
DEBUG http-nio-8084-exec-2 druid.sql.Statement - {conn-10001, pstmt-20001} Types : [VARCHAR]
DEBUG http-nio-8084-exec-2 druid.sql.Statement - {conn-10001, pstmt-20001} executed. 1.284417 millis. SELECT  *  FROM orders_database.orders 
 
 WHERE (create_user = ?)
DEBUG http-nio-8084-exec-2 druid.sql.ResultSet - {conn-10001, pstmt-20001, rs-50077} open
DEBUG http-nio-8084-exec-2 druid.sql.ResultSet - {conn-10001, pstmt-20001, rs-50077} Header: [id, order_no, order_status, finish_date, delete_date, create_date, create_user, update_date, update_user, amount]
DEBUG http-nio-8084-exec-2 druid.sql.ResultSet - {conn-10001, pstmt-20001, rs-50077} Result: [00ffba5e7a44d7a71e6f00bee090c2fa, 1571305399313, 0, null, null, 2019-10-17 17:43:19.0, wangjian, 2019-10-17 17:43:19.0, wangjian, 6000.0]
DEBUG http-nio-8084-exec-2 druid.sql.Statement - {conn-10001, pstmt-20002} Parameters : []
DEBUG http-nio-8084-exec-2 druid.sql.Statement - {conn-10001, pstmt-20002} Types : []
DEBUG http-nio-8084-exec-2 druid.sql.Statement - {conn-10001, pstmt-20002} executed. 2.475534 millis. SELECT * FROM orders_detail
DEBUG http-nio-8084-exec-2 druid.sql.ResultSet - {conn-10001, pstmt-20002, rs-50078} open
DEBUG http-nio-8084-exec-2 druid.sql.ResultSet - {conn-10001, pstmt-20002, rs-50078} Header: [id, orders_id, commodity_id, commodity_name, price, quantity, amount, create_date, create_user, update_date, update_user]
DEBUG http-nio-8084-exec-2 druid.sql.ResultSet - {conn-10001, pstmt-20002, rs-50078} Result: [17b1769e16ad5bbef9d5f03b355d551e, 00ffba5e7a44d7a71e6f00bee090c2fa, 62154adeb56988df1b1243487f4c8179, 笔记本, 6000.0, 1, 6000.0, 2019-10-17 17:29:56.0, wangjian, 2019-10-17 17:29:56.0, wangjian]
DEBUG http-nio-8084-exec-2 druid.sql.ResultSet - {conn-10001, pstmt-20002, rs-50078} closed
DEBUG http-nio-8084-exec-2 druid.sql.Statement - {conn-10001, pstmt-20002} clearParameters. 
DEBUG http-nio-8084-exec-2 druid.sql.ResultSet - {conn-10001, pstmt-20001, rs-50077} closed
DEBUG http-nio-8084-exec-2 druid.sql.Statement - {conn-10001, pstmt-20001} clearParameters. 
DEBUG http-nio-8084-exec-2 druid.sql.Connection - {conn-10001} pool-recycle
DEBUG http-nio-8084-exec-3 druid.sql.Connection - {conn-10001} pool-connect
DEBUG http-nio-8084-exec-3 druid.sql.Statement - {conn-10001, pstmt-20001} Parameters : [wangjian]
DEBUG http-nio-8084-exec-3 druid.sql.Statement - {conn-10001, pstmt-20001} Types : [VARCHAR]
DEBUG http-nio-8084-exec-3 druid.sql.Statement - {conn-10001, pstmt-20001} executed. 0.979001 millis. SELECT  *  FROM orders_database.orders 
 
 WHERE (create_user = ?)
DEBUG http-nio-8084-exec-3 druid.sql.ResultSet - {conn-10001, pstmt-20001, rs-50079} open
DEBUG http-nio-8084-exec-3 druid.sql.ResultSet - {conn-10001, pstmt-20001, rs-50079} Header: [id, order_no, order_status, finish_date, delete_date, create_date, create_user, update_date, update_user, amount]
DEBUG http-nio-8084-exec-3 druid.sql.ResultSet - {conn-10001, pstmt-20001, rs-50079} Result: [00ffba5e7a44d7a71e6f00bee090c2fa, 1571305399313, 0, null, null, 2019-10-17 17:43:19.0, wangjian, 2019-10-17 17:43:19.0, wangjian, 6000.0]
DEBUG http-nio-8084-exec-3 druid.sql.Statement - {conn-10001, pstmt-20002} Parameters : []
DEBUG http-nio-8084-exec-3 druid.sql.Statement - {conn-10001, pstmt-20002} Types : []
DEBUG http-nio-8084-exec-3 druid.sql.Statement - {conn-10001, pstmt-20002} executed. 0.680038 millis. SELECT * FROM orders_detail
DEBUG http-nio-8084-exec-3 druid.sql.ResultSet - {conn-10001, pstmt-20002, rs-50080} open
DEBUG http-nio-8084-exec-3 druid.sql.ResultSet - {conn-10001, pstmt-20002, rs-50080} Header: [id, orders_id, commodity_id, commodity_name, price, quantity, amount, create_date, create_user, update_date, update_user]
DEBUG http-nio-8084-exec-3 druid.sql.ResultSet - {conn-10001, pstmt-20002, rs-50080} Result: [17b1769e16ad5bbef9d5f03b355d551e, 00ffba5e7a44d7a71e6f00bee090c2fa, 62154adeb56988df1b1243487f4c8179, 笔记本, 6000.0, 1, 6000.0, 2019-10-17 17:29:56.0, wangjian, 2019-10-17 17:29:56.0, wangjian]
DEBUG http-nio-8084-exec-3 druid.sql.ResultSet - {conn-10001, pstmt-20002, rs-50080} closed
DEBUG http-nio-8084-exec-3 druid.sql.Statement - {conn-10001, pstmt-20002} clearParameters. 
DEBUG http-nio-8084-exec-3 druid.sql.ResultSet - {conn-10001, pstmt-20001, rs-50079} closed
DEBUG http-nio-8084-exec-3 druid.sql.Statement - {conn-10001, pstmt-20001} clearParameters. 
DEBUG http-nio-8084-exec-3 druid.sql.Connection - {conn-10001} pool-recycle
DEBUG http-nio-8084-exec-4 druid.sql.Connection - {conn-10001} pool-connect
DEBUG http-nio-8084-exec-4 druid.sql.Statement - {conn-10001, pstmt-20001} Parameters : [wangjian]
DEBUG http-nio-8084-exec-4 druid.sql.Statement - {conn-10001, pstmt-20001} Types : [VARCHAR]
DEBUG http-nio-8084-exec-4 druid.sql.Statement - {conn-10001, pstmt-20001} executed. 1.372168 millis. SELECT  *  FROM orders_database.orders 
 
 WHERE (create_user = ?)
DEBUG http-nio-8084-exec-4 druid.sql.ResultSet - {conn-10001, pstmt-20001, rs-50081} open
DEBUG http-nio-8084-exec-4 druid.sql.ResultSet - {conn-10001, pstmt-20001, rs-50081} Header: [id, order_no, order_status, finish_date, delete_date, create_date, create_user, update_date, update_user, amount]
DEBUG http-nio-8084-exec-4 druid.sql.ResultSet - {conn-10001, pstmt-20001, rs-50081} Result: [00ffba5e7a44d7a71e6f00bee090c2fa, 1571305399313, 0, null, null, 2019-10-17 17:43:19.0, wangjian, 2019-10-17 17:43:19.0, wangjian, 6000.0]
DEBUG http-nio-8084-exec-4 druid.sql.Statement - {conn-10001, pstmt-20002} Parameters : []
DEBUG http-nio-8084-exec-4 druid.sql.Statement - {conn-10001, pstmt-20002} Types : []
DEBUG http-nio-8084-exec-4 druid.sql.Statement - {conn-10001, pstmt-20002} executed. 0.689708 millis. SELECT * FROM orders_detail
DEBUG http-nio-8084-exec-4 druid.sql.ResultSet - {conn-10001, pstmt-20002, rs-50082} open
DEBUG http-nio-8084-exec-4 druid.sql.ResultSet - {conn-10001, pstmt-20002, rs-50082} Header: [id, orders_id, commodity_id, commodity_name, price, quantity, amount, create_date, create_user, update_date, update_user]
DEBUG http-nio-8084-exec-4 druid.sql.ResultSet - {conn-10001, pstmt-20002, rs-50082} Result: [17b1769e16ad5bbef9d5f03b355d551e, 00ffba5e7a44d7a71e6f00bee090c2fa, 62154adeb56988df1b1243487f4c8179, 笔记本, 6000.0, 1, 6000.0, 2019-10-17 17:29:56.0, wangjian, 2019-10-17 17:29:56.0, wangjian]
DEBUG http-nio-8084-exec-4 druid.sql.ResultSet - {conn-10001, pstmt-20002, rs-50082} closed
DEBUG http-nio-8084-exec-4 druid.sql.Statement - {conn-10001, pstmt-20002} clearParameters. 
DEBUG http-nio-8084-exec-4 druid.sql.ResultSet - {conn-10001, pstmt-20001, rs-50081} closed
DEBUG http-nio-8084-exec-4 druid.sql.Statement - {conn-10001, pstmt-20001} clearParameters. 
DEBUG http-nio-8084-exec-4 druid.sql.Connection - {conn-10001} pool-recycle
DEBUG http-nio-8084-exec-5 druid.sql.Connection - {conn-10001} pool-connect
DEBUG http-nio-8084-exec-5 druid.sql.Statement - {conn-10001, pstmt-20001} Parameters : [wangjian]
DEBUG http-nio-8084-exec-5 druid.sql.Statement - {conn-10001, pstmt-20001} Types : [VARCHAR]
DEBUG http-nio-8084-exec-5 druid.sql.Statement - {conn-10001, pstmt-20001} executed. 1.596532 millis. SELECT  *  FROM orders_database.orders 
 
 WHERE (create_user = ?)
DEBUG http-nio-8084-exec-5 druid.sql.ResultSet - {conn-10001, pstmt-20001, rs-50083} open
DEBUG http-nio-8084-exec-5 druid.sql.ResultSet - {conn-10001, pstmt-20001, rs-50083} Header: [id, order_no, order_status, finish_date, delete_date, create_date, create_user, update_date, update_user, amount]
DEBUG http-nio-8084-exec-5 druid.sql.ResultSet - {conn-10001, pstmt-20001, rs-50083} Result: [00ffba5e7a44d7a71e6f00bee090c2fa, 1571305399313, 0, null, null, 2019-10-17 17:43:19.0, wangjian, 2019-10-17 17:43:19.0, wangjian, 6000.0]
DEBUG http-nio-8084-exec-5 druid.sql.Statement - {conn-10001, pstmt-20002} Parameters : []
DEBUG http-nio-8084-exec-5 druid.sql.Statement - {conn-10001, pstmt-20002} Types : []
DEBUG http-nio-8084-exec-5 druid.sql.Statement - {conn-10001, pstmt-20002} executed. 1.010147 millis. SELECT * FROM orders_detail
DEBUG http-nio-8084-exec-5 druid.sql.ResultSet - {conn-10001, pstmt-20002, rs-50084} open
DEBUG http-nio-8084-exec-5 druid.sql.ResultSet - {conn-10001, pstmt-20002, rs-50084} Header: [id, orders_id, commodity_id, commodity_name, price, quantity, amount, create_date, create_user, update_date, update_user]
DEBUG http-nio-8084-exec-5 druid.sql.ResultSet - {conn-10001, pstmt-20002, rs-50084} Result: [17b1769e16ad5bbef9d5f03b355d551e, 00ffba5e7a44d7a71e6f00bee090c2fa, 62154adeb56988df1b1243487f4c8179, 笔记本, 6000.0, 1, 6000.0, 2019-10-17 17:29:56.0, wangjian, 2019-10-17 17:29:56.0, wangjian]
DEBUG http-nio-8084-exec-5 druid.sql.ResultSet - {conn-10001, pstmt-20002, rs-50084} closed
DEBUG http-nio-8084-exec-5 druid.sql.Statement - {conn-10001, pstmt-20002} clearParameters. 
DEBUG http-nio-8084-exec-5 druid.sql.ResultSet - {conn-10001, pstmt-20001, rs-50083} closed
DEBUG http-nio-8084-exec-5 druid.sql.Statement - {conn-10001, pstmt-20001} clearParameters. 
DEBUG http-nio-8084-exec-5 druid.sql.Connection - {conn-10001} pool-recycle
DEBUG http-nio-8084-exec-6 druid.sql.Connection - {conn-10001} pool-connect
DEBUG http-nio-8084-exec-6 druid.sql.Statement - {conn-10001, pstmt-20001} Parameters : [wangjian]
DEBUG http-nio-8084-exec-6 druid.sql.Statement - {conn-10001, pstmt-20001} Types : [VARCHAR]
DEBUG http-nio-8084-exec-6 druid.sql.Statement - {conn-10001, pstmt-20001} executed. 2.920568 millis. SELECT  *  FROM orders_database.orders 
 
 WHERE (create_user = ?)
DEBUG http-nio-8084-exec-6 druid.sql.ResultSet - {conn-10001, pstmt-20001, rs-50085} open
DEBUG http-nio-8084-exec-6 druid.sql.ResultSet - {conn-10001, pstmt-20001, rs-50085} Header: [id, order_no, order_status, finish_date, delete_date, create_date, create_user, update_date, update_user, amount]
DEBUG http-nio-8084-exec-6 druid.sql.ResultSet - {conn-10001, pstmt-20001, rs-50085} Result: [00ffba5e7a44d7a71e6f00bee090c2fa, 1571305399313, 0, null, null, 2019-10-17 17:43:19.0, wangjian, 2019-10-17 17:43:19.0, wangjian, 6000.0]
DEBUG http-nio-8084-exec-6 druid.sql.Statement - {conn-10001, pstmt-20002} Parameters : []
DEBUG http-nio-8084-exec-6 druid.sql.Statement - {conn-10001, pstmt-20002} Types : []
DEBUG http-nio-8084-exec-6 druid.sql.Statement - {conn-10001, pstmt-20002} executed. 5.497462 millis. SELECT * FROM orders_detail
DEBUG http-nio-8084-exec-6 druid.sql.ResultSet - {conn-10001, pstmt-20002, rs-50086} open
DEBUG http-nio-8084-exec-6 druid.sql.ResultSet - {conn-10001, pstmt-20002, rs-50086} Header: [id, orders_id, commodity_id, commodity_name, price, quantity, amount, create_date, create_user, update_date, update_user]
DEBUG http-nio-8084-exec-6 druid.sql.ResultSet - {conn-10001, pstmt-20002, rs-50086} Result: [17b1769e16ad5bbef9d5f03b355d551e, 00ffba5e7a44d7a71e6f00bee090c2fa, 62154adeb56988df1b1243487f4c8179, 笔记本, 6000.0, 1, 6000.0, 2019-10-17 17:29:56.0, wangjian, 2019-10-17 17:29:56.0, wangjian]
DEBUG http-nio-8084-exec-6 druid.sql.ResultSet - {conn-10001, pstmt-20002, rs-50086} closed
DEBUG http-nio-8084-exec-6 druid.sql.Statement - {conn-10001, pstmt-20002} clearParameters. 
DEBUG http-nio-8084-exec-6 druid.sql.ResultSet - {conn-10001, pstmt-20001, rs-50085} closed
DEBUG http-nio-8084-exec-6 druid.sql.Statement - {conn-10001, pstmt-20001} clearParameters. 
DEBUG http-nio-8084-exec-6 druid.sql.Connection - {conn-10001} pool-recycle
DEBUG http-nio-8084-exec-7 druid.sql.Connection - {conn-10001} pool-connect
DEBUG http-nio-8084-exec-7 druid.sql.Statement - {conn-10001, pstmt-20001} Parameters : [wangjian]
DEBUG http-nio-8084-exec-7 druid.sql.Statement - {conn-10001, pstmt-20001} Types : [VARCHAR]
DEBUG http-nio-8084-exec-7 druid.sql.Statement - {conn-10001, pstmt-20001} executed. 0.901103 millis. SELECT  *  FROM orders_database.orders 
 
 WHERE (create_user = ?)
DEBUG http-nio-8084-exec-7 druid.sql.ResultSet - {conn-10001, pstmt-20001, rs-50087} open
DEBUG http-nio-8084-exec-7 druid.sql.ResultSet - {conn-10001, pstmt-20001, rs-50087} Header: [id, order_no, order_status, finish_date, delete_date, create_date, create_user, update_date, update_user, amount]
DEBUG http-nio-8084-exec-7 druid.sql.ResultSet - {conn-10001, pstmt-20001, rs-50087} Result: [00ffba5e7a44d7a71e6f00bee090c2fa, 1571305399313, 0, null, null, 2019-10-17 17:43:19.0, wangjian, 2019-10-17 17:43:19.0, wangjian, 6000.0]
DEBUG http-nio-8084-exec-7 druid.sql.Statement - {conn-10001, pstmt-20002} Parameters : []
DEBUG http-nio-8084-exec-7 druid.sql.Statement - {conn-10001, pstmt-20002} Types : []
DEBUG http-nio-8084-exec-7 druid.sql.Statement - {conn-10001, pstmt-20002} executed. 3.281218 millis. SELECT * FROM orders_detail
DEBUG http-nio-8084-exec-7 druid.sql.ResultSet - {conn-10001, pstmt-20002, rs-50088} open
DEBUG http-nio-8084-exec-7 druid.sql.ResultSet - {conn-10001, pstmt-20002, rs-50088} Header: [id, orders_id, commodity_id, commodity_name, price, quantity, amount, create_date, create_user, update_date, update_user]
DEBUG http-nio-8084-exec-7 druid.sql.ResultSet - {conn-10001, pstmt-20002, rs-50088} Result: [17b1769e16ad5bbef9d5f03b355d551e, 00ffba5e7a44d7a71e6f00bee090c2fa, 62154adeb56988df1b1243487f4c8179, 笔记本, 6000.0, 1, 6000.0, 2019-10-17 17:29:56.0, wangjian, 2019-10-17 17:29:56.0, wangjian]
DEBUG http-nio-8084-exec-7 druid.sql.ResultSet - {conn-10001, pstmt-20002, rs-50088} closed
DEBUG http-nio-8084-exec-7 druid.sql.Statement - {conn-10001, pstmt-20002} clearParameters. 
DEBUG http-nio-8084-exec-7 druid.sql.ResultSet - {conn-10001, pstmt-20001, rs-50087} closed
DEBUG http-nio-8084-exec-7 druid.sql.Statement - {conn-10001, pstmt-20001} clearParameters. 
DEBUG http-nio-8084-exec-7 druid.sql.Connection - {conn-10001} pool-recycle
DEBUG http-nio-8084-exec-8 druid.sql.Connection - {conn-10001} pool-connect
DEBUG http-nio-8084-exec-8 druid.sql.Statement - {conn-10001, pstmt-20001} Parameters : [wangjian]
DEBUG http-nio-8084-exec-8 druid.sql.Statement - {conn-10001, pstmt-20001} Types : [VARCHAR]
DEBUG http-nio-8084-exec-8 druid.sql.Statement - {conn-10001, pstmt-20001} executed. 1.631821 millis. SELECT  *  FROM orders_database.orders 
 
 WHERE (create_user = ?)
DEBUG http-nio-8084-exec-8 druid.sql.ResultSet - {conn-10001, pstmt-20001, rs-50089} open
DEBUG http-nio-8084-exec-8 druid.sql.ResultSet - {conn-10001, pstmt-20001, rs-50089} Header: [id, order_no, order_status, finish_date, delete_date, create_date, create_user, update_date, update_user, amount]
DEBUG http-nio-8084-exec-8 druid.sql.ResultSet - {conn-10001, pstmt-20001, rs-50089} Result: [00ffba5e7a44d7a71e6f00bee090c2fa, 1571305399313, 0, null, null, 2019-10-17 17:43:19.0, wangjian, 2019-10-17 17:43:19.0, wangjian, 6000.0]
DEBUG http-nio-8084-exec-8 druid.sql.Statement - {conn-10001, pstmt-20002} Parameters : []
DEBUG http-nio-8084-exec-8 druid.sql.Statement - {conn-10001, pstmt-20002} Types : []
DEBUG http-nio-8084-exec-8 druid.sql.Statement - {conn-10001, pstmt-20002} executed. 2.608482 millis. SELECT * FROM orders_detail
DEBUG http-nio-8084-exec-8 druid.sql.ResultSet - {conn-10001, pstmt-20002, rs-50090} open
DEBUG http-nio-8084-exec-8 druid.sql.ResultSet - {conn-10001, pstmt-20002, rs-50090} Header: [id, orders_id, commodity_id, commodity_name, price, quantity, amount, create_date, create_user, update_date, update_user]
DEBUG http-nio-8084-exec-8 druid.sql.ResultSet - {conn-10001, pstmt-20002, rs-50090} Result: [17b1769e16ad5bbef9d5f03b355d551e, 00ffba5e7a44d7a71e6f00bee090c2fa, 62154adeb56988df1b1243487f4c8179, 笔记本, 6000.0, 1, 6000.0, 2019-10-17 17:29:56.0, wangjian, 2019-10-17 17:29:56.0, wangjian]
DEBUG http-nio-8084-exec-8 druid.sql.ResultSet - {conn-10001, pstmt-20002, rs-50090} closed
DEBUG http-nio-8084-exec-8 druid.sql.Statement - {conn-10001, pstmt-20002} clearParameters. 
DEBUG http-nio-8084-exec-8 druid.sql.ResultSet - {conn-10001, pstmt-20001, rs-50089} closed
DEBUG http-nio-8084-exec-8 druid.sql.Statement - {conn-10001, pstmt-20001} clearParameters. 
DEBUG http-nio-8084-exec-8 druid.sql.Connection - {conn-10001} pool-recycle
DEBUG http-nio-8084-exec-9 druid.sql.Connection - {conn-10001} pool-connect
DEBUG http-nio-8084-exec-9 druid.sql.Statement - {conn-10001, pstmt-20001} Parameters : [wangjian]
DEBUG http-nio-8084-exec-9 druid.sql.Statement - {conn-10001, pstmt-20001} Types : [VARCHAR]
DEBUG http-nio-8084-exec-9 druid.sql.Statement - {conn-10001, pstmt-20001} executed. 1.010723 millis. SELECT  *  FROM orders_database.orders 
 
 WHERE (create_user = ?)
DEBUG http-nio-8084-exec-9 druid.sql.ResultSet - {conn-10001, pstmt-20001, rs-50091} open
DEBUG http-nio-8084-exec-9 druid.sql.ResultSet - {conn-10001, pstmt-20001, rs-50091} Header: [id, order_no, order_status, finish_date, delete_date, create_date, create_user, update_date, update_user, amount]
DEBUG http-nio-8084-exec-9 druid.sql.ResultSet - {conn-10001, pstmt-20001, rs-50091} Result: [00ffba5e7a44d7a71e6f00bee090c2fa, 1571305399313, 0, null, null, 2019-10-17 17:43:19.0, wangjian, 2019-10-17 17:43:19.0, wangjian, 6000.0]
DEBUG http-nio-8084-exec-9 druid.sql.Statement - {conn-10001, pstmt-20002} Parameters : []
DEBUG http-nio-8084-exec-9 druid.sql.Statement - {conn-10001, pstmt-20002} Types : []
DEBUG http-nio-8084-exec-9 druid.sql.Statement - {conn-10001, pstmt-20002} executed. 0.613475 millis. SELECT * FROM orders_detail
DEBUG http-nio-8084-exec-9 druid.sql.ResultSet - {conn-10001, pstmt-20002, rs-50092} open
DEBUG http-nio-8084-exec-9 druid.sql.ResultSet - {conn-10001, pstmt-20002, rs-50092} Header: [id, orders_id, commodity_id, commodity_name, price, quantity, amount, create_date, create_user, update_date, update_user]
DEBUG http-nio-8084-exec-9 druid.sql.ResultSet - {conn-10001, pstmt-20002, rs-50092} Result: [17b1769e16ad5bbef9d5f03b355d551e, 00ffba5e7a44d7a71e6f00bee090c2fa, 62154adeb56988df1b1243487f4c8179, 笔记本, 6000.0, 1, 6000.0, 2019-10-17 17:29:56.0, wangjian, 2019-10-17 17:29:56.0, wangjian]
DEBUG http-nio-8084-exec-9 druid.sql.ResultSet - {conn-10001, pstmt-20002, rs-50092} closed
DEBUG http-nio-8084-exec-9 druid.sql.Statement - {conn-10001, pstmt-20002} clearParameters. 
DEBUG http-nio-8084-exec-9 druid.sql.ResultSet - {conn-10001, pstmt-20001, rs-50091} closed
DEBUG http-nio-8084-exec-9 druid.sql.Statement - {conn-10001, pstmt-20001} clearParameters. 
DEBUG http-nio-8084-exec-9 druid.sql.Connection - {conn-10001} pool-recycle
DEBUG http-nio-8084-exec-10 druid.sql.Connection - {conn-10001} pool-connect
DEBUG http-nio-8084-exec-10 druid.sql.Statement - {conn-10001, pstmt-20001} Parameters : [wangjian]
DEBUG http-nio-8084-exec-10 druid.sql.Statement - {conn-10001, pstmt-20001} Types : [VARCHAR]
DEBUG http-nio-8084-exec-10 druid.sql.Statement - {conn-10001, pstmt-20001} executed. 0.917029 millis. SELECT  *  FROM orders_database.orders 
 
 WHERE (create_user = ?)
DEBUG http-nio-8084-exec-10 druid.sql.ResultSet - {conn-10001, pstmt-20001, rs-50093} open
DEBUG http-nio-8084-exec-10 druid.sql.ResultSet - {conn-10001, pstmt-20001, rs-50093} Header: [id, order_no, order_status, finish_date, delete_date, create_date, create_user, update_date, update_user, amount]
DEBUG http-nio-8084-exec-10 druid.sql.ResultSet - {conn-10001, pstmt-20001, rs-50093} Result: [00ffba5e7a44d7a71e6f00bee090c2fa, 1571305399313, 0, null, null, 2019-10-17 17:43:19.0, wangjian, 2019-10-17 17:43:19.0, wangjian, 6000.0]
DEBUG http-nio-8084-exec-10 druid.sql.Statement - {conn-10001, pstmt-20002} Parameters : []
DEBUG http-nio-8084-exec-10 druid.sql.Statement - {conn-10001, pstmt-20002} Types : []
DEBUG http-nio-8084-exec-10 druid.sql.Statement - {conn-10001, pstmt-20002} executed. 1.444757 millis. SELECT * FROM orders_detail
DEBUG http-nio-8084-exec-10 druid.sql.ResultSet - {conn-10001, pstmt-20002, rs-50094} open
DEBUG http-nio-8084-exec-10 druid.sql.ResultSet - {conn-10001, pstmt-20002, rs-50094} Header: [id, orders_id, commodity_id, commodity_name, price, quantity, amount, create_date, create_user, update_date, update_user]
DEBUG http-nio-8084-exec-10 druid.sql.ResultSet - {conn-10001, pstmt-20002, rs-50094} Result: [17b1769e16ad5bbef9d5f03b355d551e, 00ffba5e7a44d7a71e6f00bee090c2fa, 62154adeb56988df1b1243487f4c8179, 笔记本, 6000.0, 1, 6000.0, 2019-10-17 17:29:56.0, wangjian, 2019-10-17 17:29:56.0, wangjian]
DEBUG http-nio-8084-exec-10 druid.sql.ResultSet - {conn-10001, pstmt-20002, rs-50094} closed
DEBUG http-nio-8084-exec-10 druid.sql.Statement - {conn-10001, pstmt-20002} clearParameters. 
DEBUG http-nio-8084-exec-10 druid.sql.ResultSet - {conn-10001, pstmt-20001, rs-50093} closed
DEBUG http-nio-8084-exec-10 druid.sql.Statement - {conn-10001, pstmt-20001} clearParameters. 
DEBUG http-nio-8084-exec-10 druid.sql.Connection - {conn-10001} pool-recycle
DEBUG http-nio-8084-exec-1 druid.sql.Connection - {conn-10001} pool-connect
DEBUG http-nio-8084-exec-1 druid.sql.Statement - {conn-10001, pstmt-20001} Parameters : [wangjian]
DEBUG http-nio-8084-exec-1 druid.sql.Statement - {conn-10001, pstmt-20001} Types : [VARCHAR]
DEBUG http-nio-8084-exec-1 druid.sql.Statement - {conn-10001, pstmt-20001} executed. 1.371651 millis. SELECT  *  FROM orders_database.orders 
 
 WHERE (create_user = ?)
DEBUG http-nio-8084-exec-1 druid.sql.ResultSet - {conn-10001, pstmt-20001, rs-50095} open
DEBUG http-nio-8084-exec-1 druid.sql.ResultSet - {conn-10001, pstmt-20001, rs-50095} Header: [id, order_no, order_status, finish_date, delete_date, create_date, create_user, update_date, update_user, amount]
DEBUG http-nio-8084-exec-1 druid.sql.ResultSet - {conn-10001, pstmt-20001, rs-50095} Result: [00ffba5e7a44d7a71e6f00bee090c2fa, 1571305399313, 0, null, null, 2019-10-17 17:43:19.0, wangjian, 2019-10-17 17:43:19.0, wangjian, 6000.0]
DEBUG http-nio-8084-exec-1 druid.sql.Statement - {conn-10001, pstmt-20002} Parameters : []
DEBUG http-nio-8084-exec-1 druid.sql.Statement - {conn-10001, pstmt-20002} Types : []
DEBUG http-nio-8084-exec-1 druid.sql.Statement - {conn-10001, pstmt-20002} executed. 1.462978 millis. SELECT * FROM orders_detail
DEBUG http-nio-8084-exec-1 druid.sql.ResultSet - {conn-10001, pstmt-20002, rs-50096} open
DEBUG http-nio-8084-exec-1 druid.sql.ResultSet - {conn-10001, pstmt-20002, rs-50096} Header: [id, orders_id, commodity_id, commodity_name, price, quantity, amount, create_date, create_user, update_date, update_user]
DEBUG http-nio-8084-exec-1 druid.sql.ResultSet - {conn-10001, pstmt-20002, rs-50096} Result: [17b1769e16ad5bbef9d5f03b355d551e, 00ffba5e7a44d7a71e6f00bee090c2fa, 62154adeb56988df1b1243487f4c8179, 笔记本, 6000.0, 1, 6000.0, 2019-10-17 17:29:56.0, wangjian, 2019-10-17 17:29:56.0, wangjian]
DEBUG http-nio-8084-exec-1 druid.sql.ResultSet - {conn-10001, pstmt-20002, rs-50096} closed
DEBUG http-nio-8084-exec-1 druid.sql.Statement - {conn-10001, pstmt-20002} clearParameters. 
DEBUG http-nio-8084-exec-1 druid.sql.ResultSet - {conn-10001, pstmt-20001, rs-50095} closed
DEBUG http-nio-8084-exec-1 druid.sql.Statement - {conn-10001, pstmt-20001} clearParameters. 
DEBUG http-nio-8084-exec-1 druid.sql.Connection - {conn-10001} pool-recycle
DEBUG http-nio-8084-exec-3 druid.sql.Connection - {conn-10001} pool-connect
DEBUG http-nio-8084-exec-3 druid.sql.Statement - {conn-10001, pstmt-20001} Parameters : [wangjian]
DEBUG http-nio-8084-exec-3 druid.sql.Statement - {conn-10001, pstmt-20001} Types : [VARCHAR]
DEBUG http-nio-8084-exec-3 druid.sql.Statement - {conn-10001, pstmt-20001} executed. 3.376974 millis. SELECT  *  FROM orders_database.orders 
 
 WHERE (create_user = ?)
DEBUG http-nio-8084-exec-3 druid.sql.ResultSet - {conn-10001, pstmt-20001, rs-50097} open
DEBUG http-nio-8084-exec-3 druid.sql.ResultSet - {conn-10001, pstmt-20001, rs-50097} Header: [id, order_no, order_status, finish_date, delete_date, create_date, create_user, update_date, update_user, amount]
DEBUG http-nio-8084-exec-3 druid.sql.ResultSet - {conn-10001, pstmt-20001, rs-50097} Result: [00ffba5e7a44d7a71e6f00bee090c2fa, 1571305399313, 0, null, null, 2019-10-17 17:43:19.0, wangjian, 2019-10-17 17:43:19.0, wangjian, 6000.0]
DEBUG http-nio-8084-exec-3 druid.sql.Statement - {conn-10001, pstmt-20002} Parameters : []
DEBUG http-nio-8084-exec-3 druid.sql.Statement - {conn-10001, pstmt-20002} Types : []
DEBUG http-nio-8084-exec-3 druid.sql.Statement - {conn-10001, pstmt-20002} executed. 1.9367 millis. SELECT * FROM orders_detail
DEBUG http-nio-8084-exec-3 druid.sql.ResultSet - {conn-10001, pstmt-20002, rs-50098} open
DEBUG http-nio-8084-exec-3 druid.sql.ResultSet - {conn-10001, pstmt-20002, rs-50098} Header: [id, orders_id, commodity_id, commodity_name, price, quantity, amount, create_date, create_user, update_date, update_user]
DEBUG http-nio-8084-exec-3 druid.sql.ResultSet - {conn-10001, pstmt-20002, rs-50098} Result: [17b1769e16ad5bbef9d5f03b355d551e, 00ffba5e7a44d7a71e6f00bee090c2fa, 62154adeb56988df1b1243487f4c8179, 笔记本, 6000.0, 1, 6000.0, 2019-10-17 17:29:56.0, wangjian, 2019-10-17 17:29:56.0, wangjian]
DEBUG http-nio-8084-exec-3 druid.sql.ResultSet - {conn-10001, pstmt-20002, rs-50098} closed
DEBUG http-nio-8084-exec-3 druid.sql.Statement - {conn-10001, pstmt-20002} clearParameters. 
DEBUG http-nio-8084-exec-3 druid.sql.ResultSet - {conn-10001, pstmt-20001, rs-50097} closed
DEBUG http-nio-8084-exec-3 druid.sql.Statement - {conn-10001, pstmt-20001} clearParameters. 
DEBUG http-nio-8084-exec-3 druid.sql.Connection - {conn-10001} pool-recycle
DEBUG Thread-13 druid.sql.Statement - {conn-10001, pstmt-20002} closed
DEBUG Thread-13 druid.sql.Statement - {conn-10001, pstmt-20001} closed
DEBUG Thread-13 druid.sql.Connection - {conn-10001} closed
